\BOOKMARK [0][-]{chapter.1}{\376\377\000I\000n\000t\000r\000o\000d\000u\000c\000t\000i\000o\000n\000\040\000t\000o\000\040\000M\000a\000t\000C\000o\000n\000v\000N\000e\000t}{}% 1
\BOOKMARK [1][-]{section.1.1}{\376\377\000G\000e\000t\000t\000i\000n\000g\000\040\000s\000t\000a\000r\000t\000e\000d}{chapter.1}% 2
\BOOKMARK [1][-]{section.1.2}{\376\377\000M\000a\000t\000C\000o\000n\000v\000N\000e\000t\000\040\000a\000t\000\040\000a\000\040\000g\000l\000a\000n\000c\000e}{chapter.1}% 3
\BOOKMARK [1][-]{section.1.3}{\376\377\000D\000o\000c\000u\000m\000e\000n\000t\000a\000t\000i\000o\000n\000\040\000a\000n\000d\000\040\000e\000x\000a\000m\000p\000l\000e\000s}{chapter.1}% 4
\BOOKMARK [1][-]{section.1.4}{\376\377\000S\000p\000e\000e\000d}{chapter.1}% 5
\BOOKMARK [1][-]{section.1.5}{\376\377\000A\000c\000k\000n\000o\000w\000l\000e\000d\000g\000m\000e\000n\000t\000s}{chapter.1}% 6
\BOOKMARK [0][-]{chapter.2}{\376\377\000N\000e\000u\000r\000a\000l\000\040\000N\000e\000t\000w\000o\000r\000k\000\040\000C\000o\000m\000p\000u\000t\000a\000t\000i\000o\000n\000s}{}% 7
\BOOKMARK [1][-]{section.2.1}{\376\377\000O\000v\000e\000r\000v\000i\000e\000w}{chapter.2}% 8
\BOOKMARK [1][-]{section.2.2}{\376\377\000N\000e\000t\000w\000o\000r\000k\000\040\000s\000t\000r\000u\000c\000t\000u\000r\000e\000s}{chapter.2}% 9
\BOOKMARK [2][-]{subsection.2.2.1}{\376\377\000S\000e\000q\000u\000e\000n\000c\000e\000s}{section.2.2}% 10
\BOOKMARK [2][-]{subsection.2.2.2}{\376\377\000D\000i\000r\000e\000c\000t\000e\000d\000\040\000a\000c\000y\000c\000l\000i\000c\000\040\000g\000r\000a\000p\000h\000s}{section.2.2}% 11
\BOOKMARK [1][-]{section.2.3}{\376\377\000C\000o\000m\000p\000u\000t\000i\000n\000g\000\040\000d\000e\000r\000i\000v\000a\000t\000i\000v\000e\000s\000\040\000w\000i\000t\000h\000\040\000b\000a\000c\000k\000p\000r\000o\000p\000a\000g\000a\000t\000i\000o\000n}{chapter.2}% 12
\BOOKMARK [2][-]{subsection.2.3.1}{\376\377\000D\000e\000r\000i\000v\000a\000t\000i\000v\000e\000s\000\040\000o\000f\000\040\000t\000e\000n\000s\000o\000r\000\040\000f\000u\000n\000c\000t\000i\000o\000n\000s}{section.2.3}% 13
\BOOKMARK [2][-]{subsection.2.3.2}{\376\377\000D\000e\000r\000i\000v\000a\000t\000i\000v\000e\000s\000\040\000o\000f\000\040\000f\000u\000n\000c\000t\000i\000o\000n\000\040\000c\000o\000m\000p\000o\000s\000i\000t\000i\000o\000n\000s}{section.2.3}% 14
\BOOKMARK [2][-]{subsection.2.3.3}{\376\377\000B\000a\000c\000k\000p\000r\000o\000p\000a\000g\000a\000t\000i\000o\000n\000\040\000n\000e\000t\000w\000o\000r\000k\000s}{section.2.3}% 15
\BOOKMARK [2][-]{subsection.2.3.4}{\376\377\000B\000a\000c\000k\000p\000r\000o\000p\000a\000g\000a\000t\000i\000o\000n\000\040\000i\000n\000\040\000D\000A\000G\000s}{section.2.3}% 16
\BOOKMARK [2][-]{subsection.2.3.5}{\376\377\000D\000A\000G\000\040\000b\000a\000c\000k\000p\000r\000o\000p\000a\000g\000a\000t\000i\000o\000n\000\040\000n\000e\000t\000w\000o\000r\000k\000s}{section.2.3}% 17
\BOOKMARK [0][-]{chapter.3}{\376\377\000W\000r\000a\000p\000p\000e\000r\000s\000\040\000a\000n\000d\000\040\000p\000r\000e\000-\000t\000r\000a\000i\000n\000e\000d\000\040\000m\000o\000d\000e\000l\000s}{}% 18
\BOOKMARK [1][-]{section.3.1}{\376\377\000W\000r\000a\000p\000p\000e\000r\000s}{chapter.3}% 19
\BOOKMARK [2][-]{subsection.3.1.1}{\376\377\000S\000i\000m\000p\000l\000e\000N\000N}{section.3.1}% 20
\BOOKMARK [2][-]{subsection.3.1.2}{\376\377\000D\000a\000g\000N\000N}{section.3.1}% 21
\BOOKMARK [1][-]{section.3.2}{\376\377\000P\000r\000e\000-\000t\000r\000a\000i\000n\000e\000d\000\040\000m\000o\000d\000e\000l\000s}{chapter.3}% 22
\BOOKMARK [1][-]{section.3.3}{\376\377\000L\000e\000a\000r\000n\000i\000n\000g\000\040\000m\000o\000d\000e\000l\000s}{chapter.3}% 23
\BOOKMARK [1][-]{section.3.4}{\376\377\000R\000u\000n\000n\000i\000n\000g\000\040\000l\000a\000r\000g\000e\000\040\000s\000c\000a\000l\000e\000\040\000e\000x\000p\000e\000r\000i\000m\000e\000n\000t\000s}{chapter.3}% 24
\BOOKMARK [1][-]{section.3.5}{\376\377\000R\000e\000a\000d\000i\000n\000g\000\040\000i\000m\000a\000g\000e\000s}{chapter.3}% 25
\BOOKMARK [0][-]{chapter.4}{\376\377\000C\000o\000m\000p\000u\000t\000a\000t\000i\000o\000n\000a\000l\000\040\000b\000l\000o\000c\000k\000s}{}% 26
\BOOKMARK [1][-]{section.4.1}{\376\377\000C\000o\000n\000v\000o\000l\000u\000t\000i\000o\000n}{chapter.4}% 27
\BOOKMARK [1][-]{section.4.2}{\376\377\000C\000o\000n\000v\000o\000l\000u\000t\000i\000o\000n\000\040\000t\000r\000a\000n\000s\000p\000o\000s\000e\000\040\000\050\000d\000e\000c\000o\000n\000v\000o\000l\000u\000t\000i\000o\000n\000\051}{chapter.4}% 28
\BOOKMARK [1][-]{section.4.3}{\376\377\000S\000p\000a\000t\000i\000a\000l\000\040\000p\000o\000o\000l\000i\000n\000g}{chapter.4}% 29
\BOOKMARK [1][-]{section.4.4}{\376\377\000A\000c\000t\000i\000v\000a\000t\000i\000o\000n\000\040\000f\000u\000n\000c\000t\000i\000o\000n\000s}{chapter.4}% 30
\BOOKMARK [1][-]{section.4.5}{\376\377\000S\000p\000a\000t\000i\000a\000l\000\040\000b\000i\000l\000i\000n\000e\000a\000r\000\040\000r\000e\000s\000a\000m\000p\000l\000i\000n\000g}{chapter.4}% 31
\BOOKMARK [1][-]{section.4.6}{\376\377\000R\000e\000g\000i\000o\000n\000\040\000o\000f\000\040\000i\000n\000t\000e\000r\000e\000s\000t\000\040\000p\000o\000o\000l\000i\000n\000g}{chapter.4}% 32
\BOOKMARK [1][-]{section.4.7}{\376\377\000N\000o\000r\000m\000a\000l\000i\000z\000a\000t\000i\000o\000n}{chapter.4}% 33
\BOOKMARK [2][-]{subsection.4.7.1}{\376\377\000L\000o\000c\000a\000l\000\040\000r\000e\000s\000p\000o\000n\000s\000e\000\040\000n\000o\000r\000m\000a\000l\000i\000z\000a\000t\000i\000o\000n\000\040\000\050\000L\000R\000N\000\051}{section.4.7}% 34
\BOOKMARK [2][-]{subsection.4.7.2}{\376\377\000B\000a\000t\000c\000h\000\040\000n\000o\000r\000m\000a\000l\000i\000z\000a\000t\000i\000o\000n}{section.4.7}% 35
\BOOKMARK [2][-]{subsection.4.7.3}{\376\377\000S\000p\000a\000t\000i\000a\000l\000\040\000n\000o\000r\000m\000a\000l\000i\000z\000a\000t\000i\000o\000n}{section.4.7}% 36
\BOOKMARK [2][-]{subsection.4.7.4}{\376\377\000S\000o\000f\000t\000m\000a\000x}{section.4.7}% 37
\BOOKMARK [1][-]{section.4.8}{\376\377\000C\000a\000t\000e\000g\000o\000r\000i\000c\000a\000l\000\040\000l\000o\000s\000s\000e\000s}{chapter.4}% 38
\BOOKMARK [2][-]{subsection.4.8.1}{\376\377\000C\000l\000a\000s\000s\000i\000f\000i\000c\000a\000t\000i\000o\000n\000\040\000l\000o\000s\000s\000e\000s}{section.4.8}% 39
\BOOKMARK [2][-]{subsection.4.8.2}{\376\377\000A\000t\000t\000r\000i\000b\000u\000t\000e\000\040\000l\000o\000s\000s\000e\000s}{section.4.8}% 40
\BOOKMARK [1][-]{section.4.9}{\376\377\000C\000o\000m\000p\000a\000r\000i\000s\000o\000n\000s}{chapter.4}% 41
\BOOKMARK [2][-]{subsection.4.9.1}{\376\377\000p\000-\000d\000i\000s\000t\000a\000n\000c\000e}{section.4.9}% 42
\BOOKMARK [0][-]{chapter.5}{\376\377\000G\000e\000o\000m\000e\000t\000r\000y}{}% 43
\BOOKMARK [1][-]{section.5.1}{\376\377\000P\000r\000e\000l\000i\000m\000i\000n\000a\000r\000i\000e\000s}{chapter.5}% 44
\BOOKMARK [1][-]{section.5.2}{\376\377\000S\000i\000m\000p\000l\000e\000\040\000f\000i\000l\000t\000e\000r\000s}{chapter.5}% 45
\BOOKMARK [2][-]{subsection.5.2.1}{\376\377\000P\000o\000o\000l\000i\000n\000g\000\040\000i\000n\000\040\000C\000a\000f\000f\000e}{section.5.2}% 46
\BOOKMARK [1][-]{section.5.3}{\376\377\000C\000o\000n\000v\000o\000l\000u\000t\000i\000o\000n\000\040\000t\000r\000a\000n\000s\000p\000o\000s\000e}{chapter.5}% 47
\BOOKMARK [1][-]{section.5.4}{\376\377\000T\000r\000a\000n\000s\000p\000o\000s\000i\000n\000g\000\040\000r\000e\000c\000e\000p\000t\000i\000v\000e\000\040\000f\000i\000e\000l\000d\000s}{chapter.5}% 48
\BOOKMARK [1][-]{section.5.5}{\376\377\000C\000o\000m\000p\000o\000s\000i\000n\000g\000\040\000r\000e\000c\000e\000p\000t\000i\000v\000e\000\040\000f\000i\000e\000l\000d\000s}{chapter.5}% 49
\BOOKMARK [1][-]{section.5.6}{\376\377\000O\000v\000e\000r\000l\000a\000y\000i\000n\000g\000\040\000r\000e\000c\000e\000p\000t\000i\000v\000e\000\040\000f\000i\000e\000l\000d\000s}{chapter.5}% 50
\BOOKMARK [0][-]{chapter.6}{\376\377\000I\000m\000p\000l\000e\000m\000e\000n\000t\000a\000t\000i\000o\000n\000\040\000d\000e\000t\000a\000i\000l\000s}{}% 51
\BOOKMARK [1][-]{section.6.1}{\376\377\000C\000o\000n\000v\000o\000l\000u\000t\000i\000o\000n}{chapter.6}% 52
\BOOKMARK [1][-]{section.6.2}{\376\377\000C\000o\000n\000v\000o\000l\000u\000t\000i\000o\000n\000\040\000t\000r\000a\000n\000s\000p\000o\000s\000e}{chapter.6}% 53
\BOOKMARK [1][-]{section.6.3}{\376\377\000S\000p\000a\000t\000i\000a\000l\000\040\000p\000o\000o\000l\000i\000n\000g}{chapter.6}% 54
\BOOKMARK [1][-]{section.6.4}{\376\377\000A\000c\000t\000i\000v\000a\000t\000i\000o\000n\000\040\000f\000u\000n\000c\000t\000i\000o\000n\000s}{chapter.6}% 55
\BOOKMARK [2][-]{subsection.6.4.1}{\376\377\000R\000e\000L\000U}{section.6.4}% 56
\BOOKMARK [2][-]{subsection.6.4.2}{\376\377\000S\000i\000g\000m\000o\000i\000d}{section.6.4}% 57
\BOOKMARK [1][-]{section.6.5}{\376\377\000S\000p\000a\000t\000i\000a\000l\000\040\000b\000i\000l\000i\000n\000e\000a\000r\000\040\000r\000e\000s\000a\000m\000p\000l\000i\000n\000g}{chapter.6}% 58
\BOOKMARK [1][-]{section.6.6}{\376\377\000N\000o\000r\000m\000a\000l\000i\000z\000a\000t\000i\000o\000n}{chapter.6}% 59
\BOOKMARK [2][-]{subsection.6.6.1}{\376\377\000L\000o\000c\000a\000l\000\040\000r\000e\000s\000p\000o\000n\000s\000e\000\040\000n\000o\000r\000m\000a\000l\000i\000z\000a\000t\000i\000o\000n\000\040\000\050\000L\000R\000N\000\051}{section.6.6}% 60
\BOOKMARK [2][-]{subsection.6.6.2}{\376\377\000B\000a\000t\000c\000h\000\040\000n\000o\000r\000m\000a\000l\000i\000z\000a\000t\000i\000o\000n}{section.6.6}% 61
\BOOKMARK [2][-]{subsection.6.6.3}{\376\377\000S\000p\000a\000t\000i\000a\000l\000\040\000n\000o\000r\000m\000a\000l\000i\000z\000a\000t\000i\000o\000n}{section.6.6}% 62
\BOOKMARK [2][-]{subsection.6.6.4}{\376\377\000S\000o\000f\000t\000m\000a\000x}{section.6.6}% 63
\BOOKMARK [1][-]{section.6.7}{\376\377\000C\000a\000t\000e\000g\000o\000r\000i\000c\000a\000l\000\040\000l\000o\000s\000s\000e\000s}{chapter.6}% 64
\BOOKMARK [2][-]{subsection.6.7.1}{\376\377\000C\000l\000a\000s\000s\000i\000f\000i\000c\000a\000t\000i\000o\000n\000\040\000l\000o\000s\000s\000e\000s}{section.6.7}% 65
\BOOKMARK [2][-]{subsection.6.7.2}{\376\377\000A\000t\000t\000r\000i\000b\000u\000t\000e\000\040\000l\000o\000s\000s\000e\000s}{section.6.7}% 66
\BOOKMARK [1][-]{section.6.8}{\376\377\000C\000o\000m\000p\000a\000r\000i\000s\000o\000n\000s}{chapter.6}% 67
\BOOKMARK [2][-]{subsection.6.8.1}{\376\377\000p\000-\000d\000i\000s\000t\000a\000n\000c\000e}{section.6.8}% 68
\BOOKMARK [1][-]{section.6.9}{\376\377\000O\000t\000h\000e\000r\000\040\000i\000m\000p\000l\000e\000m\000e\000n\000t\000a\000t\000i\000o\000n\000\040\000d\000e\000t\000a\000i\000l\000s}{chapter.6}% 69
\BOOKMARK [2][-]{subsection.6.9.1}{\376\377\000N\000o\000r\000m\000a\000l\000\040\000s\000a\000m\000p\000l\000e\000r}{section.6.9}% 70
\BOOKMARK [2][-]{subsection.6.9.2}{\376\377\000E\000u\000c\000l\000i\000d\000'\000s\000\040\000a\000l\000g\000o\000r\000i\000t\000h\000m}{section.6.9}% 71
